<?xml version="1.0"?><coverage lines-covered="510" lines-valid="1455" line-rate="0.35051546391752575" branches-covered="0" branches-valid="0" branch-rate="0" complexity="0" version="1.9" timestamp="1764378796"><sources><source>G:\vrpg\vrpg-client</source></sources><packages><package name="src\rules5e-service\tests" line-rate="0" branch-rate="0" complexity="0"><classes></classes></package><package name="src\tts-service\tests\quality" line-rate="0" branch-rate="0" complexity="0"><classes></classes></package><package name="src\orchestrator\src\services" line-rate="0" branch-rate="0" complexity="0"><classes><class name="synap_client" filename="src\orchestrator\src\services\synap_client.rs" line-rate="0" branch-rate="0" complexity="0"><methods/><lines><line number="50" hits="0"/><line number="52" hits="0"/><line number="53" hits="0"/><line number="54" hits="0"/><line number="55" hits="0"/><line number="58" hits="0"/><line number="59" hits="0"/><line number="60" hits="0"/><line number="61" hits="0"/><line number="64" hits="0"/><line number="65" hits="0"/><line number="66" hits="0"/><line number="69" hits="0"/><line number="70" hits="0"/><line number="71" hits="0"/><line number="72" hits="0"/><line number="75" hits="0"/><line number="76" hits="0"/><line number="79" hits="0"/><line number="81" hits="0"/><line number="82" hits="0"/><line number="84" hits="0"/><line number="85" hits="0"/><line number="86" hits="0"/><line number="89" hits="0"/><line number="90" hits="0"/><line number="91" hits="0"/><line number="92" hits="0"/><line number="93" hits="0"/><line number="97" hits="0"/><line number="98" hits="0"/><line number="99" hits="0"/><line number="100" hits="0"/><line number="105" hits="0"/><line number="106" hits="0"/><line number="107" hits="0"/><line number="108" hits="0"/><line number="110" hits="0"/><line number="112" hits="0"/><line number="114" hits="0"/><line number="115" hits="0"/><line number="116" hits="0"/><line number="117" hits="0"/><line number="122" hits="0"/><line number="123" hits="0"/><line number="126" hits="0"/><line number="127" hits="0"/></lines></class></classes></package><package name="src\memory-service\src" line-rate="0" branch-rate="0" complexity="0"><classes></classes></package><package name="src\orchestrator\src\cache" line-rate="0" branch-rate="0" complexity="0"><classes></classes></package><package name="src\infra-runtime\src" line-rate="0" branch-rate="0" complexity="0"><classes></classes></package><package name="src\tts-service" line-rate="0.3648068669527897" branch-rate="0" complexity="0"><classes></classes></package><package name="src\orchestrator\src" line-rate="0" branch-rate="0" complexity="0"><classes></classes></package><package name="src\rules5e-service\src" line-rate="0" branch-rate="0" complexity="0"><classes></classes></package><package name="src\orchestrator\src\session" line-rate="0" branch-rate="0" complexity="0"><classes><class name="persistence" filename="src\orchestrator\src\session\persistence.rs" line-rate="0" branch-rate="0" complexity="0"><methods/><lines><line number="89" hits="0"/><line number="90" hits="0"/><line number="93" hits="0"/><line number="94" hits="0"/><line number="95" hits="0"/><line number="96" hits="0"/><line number="97" hits="0"/><line number="100" hits="0"/><line number="103" hits="0"/><line number="104" hits="0"/></lines></class></classes></package><package name="src\tts-service\tests\unit" line-rate="0" branch-rate="0" complexity="0"><classes></classes></package><package name="src\tts-service\tests\benchmarks" line-rate="0" branch-rate="0" complexity="0"><classes></classes></package><package name="src\service-manager\src" line-rate="0" branch-rate="0" complexity="0"><classes></classes></package><package name="src\tts-service\tests\production" line-rate="0" branch-rate="0" complexity="0"><classes></classes></package><package name="src\tts-service\tests\performance" line-rate="0" branch-rate="0" complexity="0"><classes></classes></package><package name="src\tts-service\src" line-rate="0.3648068669527897" branch-rate="0" complexity="0"><classes><class name="audio_buffer" filename="src\tts-service\src\audio_buffer.rs" line-rate="0.7903225806451613" branch-rate="0" complexity="0"><methods/><lines><line number="32" hits="144115188075855872"/><line number="33" hits="144115188075855872"/><line number="35" hits="7349874591868649472"/><line number="37" hits="3170534137668829184"/><line number="40" hits="7205759403792793600"/><line number="41" hits="72057594037927945"/><line number="43" hits="7133701809754865655"/><line number="50" hits="288230376151711744"/><line number="51" hits="288230376151711744"/><line number="69" hits="288230376151711744"/><line number="71" hits="1152921504606846976"/><line number="80" hits="216172782113783808"/><line number="81" hits="648518346341351424"/><line number="82" hits="0"/><line number="86" hits="864691128455135232"/><line number="87" hits="648518346341351424"/><line number="89" hits="216172782113783808"/><line number="90" hits="72057594037927936"/><line number="91" hits="72057594037927936"/><line number="92" hits="72057594037927936"/><line number="96" hits="288230376151711744"/><line number="97" hits="144115188075855872"/><line number="102" hits="144115188075855872"/><line number="103" hits="432345564227567616"/><line number="104" hits="0"/><line number="107" hits="432345564227567616"/><line number="108" hits="288230376151711744"/><line number="110" hits="216172782113783808"/><line number="111" hits="144115188075855872"/><line number="113" hits="288230376151711744"/><line number="114" hits="72057594037927936"/><line number="117" hits="216172782113783808"/><line number="118" hits="216172782113783808"/><line number="119" hits="216172782113783808"/><line number="121" hits="144115188075855872"/><line number="123" hits="288230376151711744"/><line number="124" hits="144115188075855872"/><line number="125" hits="72057594037927936"/><line number="128" hits="0"/><line number="130" hits="0"/><line number="131" hits="0"/><line number="135" hits="144115188075855872"/><line number="139" hits="144115188075855872"/><line number="140" hits="432345564227567616"/><line number="141" hits="0"/><line number="143" hits="288230376151711744"/><line number="147" hits="360287970189639680"/><line number="148" hits="360287970189639680"/><line number="150" hits="504403158265495552"/><line number="155" hits="0"/><line number="156" hits="0"/><line number="157" hits="0"/><line number="159" hits="0"/><line number="160" hits="0"/><line number="164" hits="72057594037927936"/><line number="165" hits="216172782113783808"/><line number="166" hits="0"/><line number="168" hits="72057594037927936"/><line number="172" hits="72057594037927936"/><line number="173" hits="216172782113783808"/><line number="174" hits="0"/><line number="176" hits="72057594037927936"/></lines></class><class name="audio_utils" filename="src\tts-service\src\audio_utils.rs" line-rate="0.7931034482758621" branch-rate="0" complexity="0"><methods/><lines><line number="16" hits="72057594037927936"/><line number="17" hits="144115188075855872"/><line number="18" hits="0"/><line number="21" hits="144115188075855872"/><line number="22" hits="0"/><line number="23" hits="0"/><line number="28" hits="1080863910568919040"/><line number="30" hits="72057594037927936"/><line number="31" hits="0"/><line number="35" hits="144115188075855872"/><line number="38" hits="216172782113783808"/><line number="39" hits="864691128455135232"/><line number="40" hits="720575940379279360"/><line number="42" hits="360287970189639680"/><line number="45" hits="72057594037927936"/><line number="53" hits="72057594037927936"/><line number="54" hits="288230376151711744"/><line number="55" hits="576460752303423488"/><line number="56" hits="216172782113783808"/><line number="64" hits="144115188075855872"/><line number="65" hits="288230376151711744"/><line number="66" hits="0"/><line number="69" hits="1873497444986126336"/><line number="76" hits="72057594037927936"/><line number="77" hits="144115188075855872"/><line number="78" hits="0"/><line number="81" hits="1008806316530991104"/><line number="82" hits="216172782113783808"/><line number="83" hits="144115188075855872"/></lines></class><class name="gpu_config" filename="src\tts-service\src\gpu_config.rs" line-rate="0.48" branch-rate="0" complexity="0"><methods/><lines><line number="22" hits="0"/><line number="23" hits="0"/><line number="46" hits="144115188075855872"/><line number="50" hits="288230376151711744"/><line number="51" hits="288230376151711744"/><line number="52" hits="144115188075855872"/><line number="53" hits="0"/><line number="54" hits="0"/><line number="55" hits="0"/><line number="58" hits="288230376151711744"/><line number="102" hits="144115188075855872"/><line number="106" hits="144115188075855872"/><line number="107" hits="144115188075855872"/><line number="108" hits="0"/><line number="109" hits="0"/><line number="113" hits="144115188075855872"/><line number="114" hits="0"/><line number="115" hits="0"/><line number="119" hits="144115188075855872"/><line number="120" hits="0"/><line number="121" hits="0"/><line number="125" hits="144115188075855872"/><line number="126" hits="0"/><line number="127" hits="0"/><line number="131" hits="144115188075855872"/></lines></class><class name="gpu_detector" filename="src\tts-service\src\gpu_detector.rs" line-rate="0.31746031746031744" branch-rate="0" complexity="0"><methods/><lines><line number="10" hits="0"/><line number="13" hits="0"/><line number="14" hits="0"/><line number="33" hits="0"/><line number="34" hits="0"/><line number="35" hits="0"/><line number="36" hits="0"/><line number="37" hits="0"/><line number="38" hits="0"/><line number="39" hits="0"/><line number="58" hits="0"/><line number="60" hits="0"/><line number="61" hits="0"/><line number="62" hits="0"/><line number="63" hits="0"/><line number="64" hits="0"/><line number="65" hits="0"/><line number="72" hits="0"/><line number="73" hits="0"/><line number="74" hits="0"/><line number="75" hits="0"/><line number="77" hits="0"/><line number="78" hits="0"/><line number="79" hits="0"/><line number="80" hits="0"/><line number="81" hits="0"/><line number="86" hits="0"/><line number="88" hits="0"/><line number="89" hits="0"/><line number="94" hits="0"/><line number="98" hits="0"/><line number="100" hits="0"/><line number="101" hits="0"/><line number="102" hits="0"/><line number="103" hits="0"/><line number="108" hits="0"/><line number="112" hits="0"/><line number="114" hits="0"/><line number="115" hits="0"/><line number="116" hits="0"/><line number="117" hits="0"/><line number="118" hits="0"/><line number="125" hits="0"/><line number="129" hits="360287970189639680"/><line number="130" hits="1080863910568919040"/><line number="133" hits="360287970189639680"/><line number="134" hits="288230376151711744"/><line number="135" hits="288230376151711744"/><line number="136" hits="288230376151711744"/><line number="137" hits="288230376151711744"/><line number="139" hits="72057594037927936"/><line number="143" hits="288230376151711744"/><line number="144" hits="216172782113783808"/><line number="145" hits="216172782113783808"/><line number="146" hits="216172782113783808"/><line number="148" hits="72057594037927936"/><line number="152" hits="216172782113783808"/><line number="153" hits="144115188075855872"/><line number="154" hits="144115188075855872"/><line number="156" hits="72057594037927936"/><line number="160" hits="216172782113783808"/><line number="161" hits="72057594037927936"/><line number="165" hits="72057594037927936"/></lines></class><class name="metrics" filename="src\tts-service\src\metrics.rs" line-rate="0.41304347826086957" branch-rate="0" complexity="0"><methods/><lines><line number="30" hits="144115188075855872"/><line number="31" hits="144115188075855872"/><line number="34" hits="144115188075855872"/><line number="35" hits="144115188075855872"/><line number="36" hits="144115188075855872"/><line number="37" hits="144115188075855872"/><line number="38" hits="144115188075855872"/><line number="40" hits="216172782113783808"/><line number="41" hits="72057594037927936"/><line number="45" hits="0"/><line number="46" hits="0"/><line number="49" hits="72057594037927936"/><line number="50" hits="72057594037927936"/><line number="51" hits="0"/><line number="53" hits="72057594037927936"/><line number="56" hits="0"/><line number="57" hits="0"/><line number="58" hits="0"/><line number="60" hits="0"/><line number="63" hits="0"/><line number="64" hits="0"/><line number="65" hits="0"/><line number="67" hits="0"/><line number="70" hits="72057594037927936"/><line number="71" hits="72057594037927936"/><line number="72" hits="0"/><line number="74" hits="72057594037927936"/><line number="77" hits="0"/><line number="78" hits="0"/><line number="79" hits="0"/><line number="81" hits="0"/><line number="84" hits="0"/><line number="86" hits="0"/><line number="87" hits="0"/><line number="88" hits="0"/><line number="89" hits="0"/><line number="90" hits="0"/><line number="91" hits="0"/><line number="95" hits="0"/><line number="96" hits="0"/><line number="118" hits="216172782113783808"/><line number="120" hits="216172782113783808"/><line number="124" hits="72057594037927936"/><line number="125" hits="72057594037927936"/><line number="128" hits="0"/><line number="129" hits="0"/></lines></class><class name="phonemizer" filename="src\tts-service\src\phonemizer.rs" line-rate="0.1540880503144654" branch-rate="0" complexity="0"><methods/><lines><line number="19" hits="0"/><line number="21" hits="0"/><line number="22" hits="0"/><line number="23" hits="0"/><line number="27" hits="0"/><line number="28" hits="0"/><line number="29" hits="0"/><line number="30" hits="0"/><line number="32" hits="0"/><line number="33" hits="0"/><line number="36" hits="0"/><line number="42" hits="0"/><line number="44" hits="0"/><line number="48" hits="72057594037927936"/><line number="50" hits="144115188075855872"/><line number="51" hits="72057594037927936"/><line number="55" hits="0"/><line number="56" hits="0"/><line number="63" hits="0"/><line number="65" hits="0"/><line number="66" hits="0"/><line number="67" hits="0"/><line number="70" hits="0"/><line number="71" hits="0"/><line number="72" hits="0"/><line number="73" hits="0"/><line number="74" hits="0"/><line number="75" hits="0"/><line number="76" hits="0"/><line number="80" hits="0"/><line number="81" hits="0"/><line number="82" hits="0"/><line number="83" hits="0"/><line number="86" hits="0"/><line number="87" hits="0"/><line number="89" hits="0"/><line number="90" hits="0"/><line number="91" hits="0"/><line number="92" hits="0"/><line number="93" hits="0"/><line number="97" hits="0"/><line number="98" hits="0"/><line number="99" hits="0"/><line number="100" hits="0"/><line number="101" hits="0"/><line number="102" hits="0"/><line number="103" hits="0"/><line number="111" hits="0"/><line number="112" hits="0"/><line number="113" hits="0"/><line number="114" hits="0"/><line number="120" hits="0"/><line number="121" hits="0"/><line number="126" hits="0"/><line number="138" hits="0"/><line number="142" hits="0"/><line number="143" hits="0"/><line number="145" hits="0"/><line number="147" hits="0"/><line number="148" hits="0"/><line number="149" hits="0"/><line number="150" hits="0"/><line number="151" hits="0"/><line number="156" hits="0"/><line number="157" hits="0"/><line number="159" hits="0"/><line number="161" hits="0"/><line number="165" hits="0"/><line number="167" hits="0"/><line number="168" hits="0"/><line number="169" hits="0"/><line number="173" hits="0"/><line number="174" hits="0"/><line number="175" hits="0"/><line number="176" hits="0"/><line number="178" hits="0"/><line number="179" hits="0"/><line number="182" hits="0"/><line number="187" hits="0"/><line number="189" hits="0"/><line number="193" hits="0"/><line number="199" hits="0"/><line number="203" hits="0"/><line number="204" hits="0"/><line number="206" hits="0"/><line number="208" hits="0"/><line number="209" hits="0"/><line number="210" hits="0"/><line number="211" hits="0"/><line number="212" hits="0"/><line number="217" hits="0"/><line number="218" hits="0"/><line number="219" hits="0"/><line number="220" hits="0"/><line number="225" hits="0"/><line number="226" hits="0"/><line number="228" hits="0"/><line number="231" hits="0"/><line number="238" hits="0"/><line number="240" hits="0"/><line number="242" hits="0"/><line number="243" hits="0"/><line number="247" hits="0"/><line number="248" hits="0"/><line number="250" hits="0"/><line number="251" hits="0"/><line number="255" hits="0"/><line number="256" hits="0"/><line number="260" hits="0"/><line number="261" hits="0"/><line number="264" hits="0"/><line number="279" hits="0"/><line number="280" hits="0"/><line number="281" hits="0"/><line number="282" hits="0"/><line number="288" hits="0"/><line number="290" hits="0"/><line number="291" hits="0"/><line number="292" hits="0"/><line number="293" hits="0"/><line number="297" hits="0"/><line number="298" hits="0"/><line number="299" hits="0"/><line number="300" hits="0"/><line number="301" hits="0"/><line number="304" hits="0"/><line number="305" hits="0"/><line number="308" hits="0"/><line number="309" hits="0"/><line number="310" hits="0"/><line number="311" hits="0"/><line number="312" hits="0"/><line number="313" hits="0"/><line number="318" hits="0"/><line number="319" hits="0"/><line number="321" hits="0"/><line number="324" hits="0"/><line number="325" hits="0"/><line number="331" hits="0"/><line number="335" hits="0"/><line number="339" hits="0"/><line number="340" hits="0"/><line number="342" hits="0"/><line number="343" hits="0"/><line number="345" hits="0"/><line number="347" hits="0"/><line number="349" hits="0"/><line number="350" hits="0"/><line number="352" hits="0"/><line number="353" hits="0"/><line number="354" hits="0"/><line number="355" hits="0"/><line number="356" hits="0"/><line number="357" hits="0"/><line number="358" hits="0"/><line number="359" hits="0"/><line number="360" hits="0"/><line number="361" hits="0"/><line number="362" hits="0"/><line number="363" hits="0"/><line number="364" hits="0"/><line number="365" hits="0"/><line number="366" hits="0"/><line number="367" hits="0"/><line number="368" hits="0"/><line number="369" hits="0"/><line number="370" hits="0"/><line number="371" hits="0"/><line number="372" hits="0"/><line number="373" hits="0"/><line number="374" hits="0"/><line number="375" hits="0"/><line number="377" hits="0"/><line number="381" hits="0"/><line number="384" hits="0"/><line number="385" hits="0"/><line number="388" hits="0"/><line number="392" hits="72057594037927936"/><line number="393" hits="144115188075855872"/><line number="402" hits="0"/><line number="404" hits="0"/><line number="406" hits="0"/><line number="407" hits="0"/><line number="413" hits="0"/><line number="415" hits="0"/><line number="417" hits="0"/><line number="419" hits="0"/><line number="423" hits="0"/><line number="424" hits="0"/><line number="427" hits="0"/><line number="434" hits="216172782113783808"/><line number="437" hits="432345564227567616"/><line number="438" hits="504403158265495552"/><line number="440" hits="72057594037927936"/><line number="441" hits="144115188075855872"/><line number="442" hits="0"/><line number="443" hits="0"/><line number="444" hits="0"/><line number="445" hits="0"/><line number="446" hits="0"/><line number="447" hits="0"/><line number="448" hits="0"/><line number="449" hits="0"/><line number="450" hits="0"/><line number="451" hits="0"/><line number="452" hits="0"/><line number="453" hits="0"/><line number="454" hits="0"/><line number="455" hits="0"/><line number="456" hits="0"/><line number="457" hits="0"/><line number="458" hits="0"/><line number="459" hits="0"/><line number="460" hits="0"/><line number="461" hits="0"/><line number="462" hits="0"/><line number="463" hits="0"/><line number="464" hits="0"/><line number="467" hits="0"/><line number="473" hits="144115188075855872"/><line number="474" hits="288230376151711744"/><line number="475" hits="144115188075855872"/><line number="476" hits="144115188075855872"/><line number="477" hits="144115188075855872"/><line number="478" hits="144115188075855872"/><line number="479" hits="144115188075855872"/><line number="480" hits="144115188075855872"/><line number="481" hits="144115188075855872"/><line number="482" hits="144115188075855872"/><line number="483" hits="144115188075855872"/><line number="484" hits="144115188075855872"/><line number="485" hits="144115188075855872"/><line number="486" hits="144115188075855872"/><line number="487" hits="144115188075855872"/><line number="488" hits="216172782113783808"/><line number="489" hits="72057594037927936"/><line number="490" hits="72057594037927936"/><line number="491" hits="72057594037927936"/><line number="492" hits="72057594037927936"/><line number="493" hits="72057594037927936"/><line number="494" hits="72057594037927936"/><line number="495" hits="72057594037927936"/><line number="496" hits="72057594037927936"/><line number="497" hits="72057594037927936"/><line number="498" hits="72057594037927936"/><line number="499" hits="72057594037927936"/><line number="500" hits="72057594037927936"/><line number="501" hits="72057594037927936"/><line number="502" hits="72057594037927936"/><line number="503" hits="72057594037927936"/><line number="504" hits="72057594037927936"/><line number="505" hits="72057594037927936"/><line number="506" hits="72057594037927936"/><line number="507" hits="144115188075855872"/><line number="508" hits="72057594037927936"/><line number="509" hits="72057594037927936"/><line number="512" hits="360287970189639680"/><line number="518" hits="216172782113783808"/><line number="525" hits="0"/><line number="526" hits="0"/><line number="528" hits="0"/><line number="529" hits="0"/><line number="531" hits="0"/><line number="533" hits="0"/><line number="535" hits="0"/><line number="536" hits="0"/><line number="537" hits="0"/><line number="538" hits="0"/><line number="540" hits="0"/><line number="541" hits="0"/><line number="542" hits="0"/><line number="543" hits="0"/><line number="544" hits="0"/><line number="545" hits="0"/><line number="546" hits="0"/><line number="547" hits="0"/><line number="548" hits="0"/><line number="549" hits="0"/><line number="550" hits="0"/><line number="551" hits="0"/><line number="552" hits="0"/><line number="553" hits="0"/><line number="554" hits="0"/><line number="555" hits="0"/><line number="556" hits="0"/><line number="557" hits="0"/><line number="558" hits="0"/><line number="559" hits="0"/><line number="560" hits="0"/><line number="565" hits="0"/><line number="566" hits="0"/><line number="567" hits="0"/><line number="568" hits="0"/><line number="569" hits="0"/><line number="570" hits="0"/><line number="571" hits="0"/><line number="572" hits="0"/><line number="573" hits="0"/><line number="574" hits="0"/><line number="575" hits="0"/><line number="576" hits="0"/><line number="577" hits="0"/><line number="578" hits="0"/><line number="579" hits="0"/><line number="580" hits="0"/><line number="581" hits="0"/><line number="582" hits="0"/><line number="583" hits="0"/><line number="584" hits="0"/><line number="585" hits="0"/><line number="586" hits="0"/><line number="587" hits="0"/><line number="588" hits="0"/><line number="592" hits="0"/><line number="596" hits="0"/><line number="599" hits="0"/><line number="600" hits="0"/><line number="603" hits="0"/></lines></class><class name="pipeline" filename="src\tts-service\src\pipeline.rs" line-rate="0.449438202247191" branch-rate="0" complexity="0"><methods/><lines><line number="43" hits="72057594037927936"/><line number="47" hits="144115188075855872"/><line number="48" hits="216172782113783808"/><line number="51" hits="288230376151711744"/><line number="54" hits="216172782113783808"/><line number="57" hits="288230376151711744"/><line number="58" hits="288230376151711744"/><line number="59" hits="288230376151711744"/><line number="60" hits="72057594037927936"/><line number="64" hits="0"/><line number="65" hits="0"/><line number="69" hits="0"/><line number="70" hits="0"/><line number="71" hits="0"/><line number="72" hits="0"/><line number="75" hits="144115188075855872"/><line number="77" hits="216172782113783808"/><line number="79" hits="72057594037927936"/><line number="80" hits="0"/><line number="85" hits="216172782113783808"/><line number="88" hits="72057594037927936"/><line number="89" hits="144115188075855872"/><line number="90" hits="216172782113783808"/><line number="92" hits="0"/><line number="95" hits="72057594037927936"/><line number="96" hits="144115188075855872"/><line number="101" hits="144115188075855872"/><line number="102" hits="144115188075855872"/><line number="103" hits="72057594037927936"/><line number="104" hits="72057594037927936"/><line number="105" hits="72057594037927936"/><line number="107" hits="0"/><line number="108" hits="72057594037927936"/><line number="109" hits="144115188075855872"/><line number="110" hits="72057594037927936"/><line number="111" hits="144115188075855872"/><line number="112" hits="144115188075855872"/><line number="113" hits="216172782113783808"/><line number="114" hits="144115188075855872"/><line number="116" hits="144115188075855872"/><line number="120" hits="216172782113783808"/><line number="121" hits="72057594037927936"/><line number="126" hits="216172782113783808"/><line number="129" hits="0"/><line number="130" hits="0"/><line number="131" hits="0"/><line number="135" hits="0"/><line number="136" hits="0"/><line number="139" hits="0"/><line number="140" hits="0"/><line number="141" hits="0"/><line number="145" hits="0"/><line number="146" hits="0"/><line number="147" hits="0"/><line number="148" hits="0"/><line number="149" hits="0"/><line number="150" hits="0"/><line number="151" hits="0"/><line number="155" hits="0"/><line number="156" hits="0"/><line number="157" hits="0"/><line number="158" hits="0"/><line number="159" hits="0"/><line number="160" hits="0"/><line number="161" hits="0"/><line number="162" hits="0"/><line number="166" hits="360287970189639680"/><line number="174" hits="648518346341351424"/><line number="175" hits="144115188075855872"/><line number="176" hits="504403158265495552"/><line number="177" hits="144115188075855872"/><line number="179" hits="648518346341351424"/><line number="186" hits="0"/><line number="187" hits="0"/><line number="188" hits="0"/><line number="190" hits="0"/><line number="194" hits="0"/><line number="195" hits="0"/><line number="198" hits="0"/><line number="202" hits="0"/><line number="203" hits="0"/><line number="206" hits="0"/><line number="207" hits="0"/><line number="208" hits="0"/><line number="211" hits="0"/><line number="216" hits="0"/><line number="217" hits="0"/><line number="221" hits="0"/><line number="222" hits="0"/></lines></class><class name="prebuffer_manager" filename="src\tts-service\src\prebuffer_manager.rs" line-rate="0.16666666666666666" branch-rate="0" complexity="0"><methods/><lines><line number="30" hits="72057594037927936"/><line number="38" hits="144115188075855872"/><line number="39" hits="432345564227567616"/><line number="40" hits="288230376151711744"/><line number="42" hits="216172782113783808"/><line number="46" hits="0"/><line number="47" hits="0"/><line number="48" hits="0"/><line number="50" hits="0"/><line number="54" hits="0"/><line number="55" hits="0"/><line number="56" hits="0"/><line number="58" hits="0"/><line number="60" hits="0"/><line number="61" hits="0"/><line number="63" hits="0"/><line number="67" hits="0"/><line number="68" hits="0"/><line number="70" hits="0"/><line number="74" hits="0"/><line number="75" hits="0"/><line number="77" hits="0"/><line number="81" hits="0"/><line number="82" hits="0"/><line number="84" hits="0"/><line number="89" hits="0"/><line number="93" hits="0"/><line number="94" hits="0"/><line number="98" hits="0"/><line number="99" hits="0"/></lines></class><class name="semantic_chunker" filename="src\tts-service\src\semantic_chunker.rs" line-rate="0.8333333333333334" branch-rate="0" complexity="0"><methods/><lines><line number="37" hits="216172782113783808"/><line number="56" hits="216172782113783808"/><line number="61" hits="216172782113783808"/><line number="62" hits="432345564227567616"/><line number="63" hits="432345564227567616"/><line number="64" hits="432345564227567616"/><line number="67" hits="648518346341351424"/><line number="68" hits="9439544818968559616"/><line number="69" hits="7998392938210000896"/><line number="70" hits="7998392938210000896"/><line number="73" hits="7566047373982433280"/><line number="74" hits="11024811887802974208"/><line number="77" hits="3674937295934324736"/><line number="78" hits="0"/><line number="81" hits="0"/><line number="82" hits="0"/><line number="83" hits="0"/><line number="87" hits="14699749183737298944"/><line number="89" hits="7349874591868649472"/><line number="91" hits="6413125869375586304"/><line number="92" hits="2810246167479189504"/><line number="94" hits="10808639105689190400"/><line number="95" hits="7205759403792793600"/><line number="96" hits="3602879701896396800"/><line number="99" hits="216172782113783808"/><line number="100" hits="7133701809754865664"/><line number="101" hits="504403158265495552"/><line number="102" hits="504403158265495552"/><line number="105" hits="504403158265495552"/><line number="106" hits="648518346341351424"/><line number="109" hits="216172782113783808"/><line number="110" hits="0"/><line number="112" hits="0"/><line number="113" hits="0"/><line number="114" hits="0"/><line number="117" hits="360287970189639680"/><line number="118" hits="144115188075855872"/><line number="120" hits="648518346341351424"/><line number="121" hits="216172782113783808"/><line number="124" hits="216172782113783808"/><line number="125" hits="0"/><line number="127" hits="0"/><line number="128" hits="0"/><line number="129" hits="0"/><line number="134" hits="144115188075855872"/><line number="135" hits="144115188075855872"/><line number="136" hits="72057594037927936"/><line number="141" hits="3674937295934324736"/><line number="142" hits="864691128455135232"/><line number="144" hits="3242591731706757120"/><line number="145" hits="1297036692682702848"/><line number="146" hits="648518346341351424"/><line number="151" hits="216172782113783808"/><line number="152" hits="1080863910568919040"/><line number="155" hits="216172782113783808"/><line number="159" hits="3674937295934324736"/><line number="160" hits="7349874591868649472"/><line number="161" hits="18374686479671623680"/><line number="163" hits="11385099857992613882"/><line number="164" hits="288230376151711744"/><line number="167" hits="10880696699727118336"/><line number="168" hits="10952754293765046274"/><line number="169" hits="144115188075855874"/><line number="173" hits="3674937295934324736"/><line number="174" hits="3674937295934324736"/><line number="178" hits="864691128455135232"/><line number="179" hits="3458764513820540928"/><line number="183" hits="1729382256910270464"/><line number="185" hits="864691128455135232"/><line number="186" hits="2594073385365405696"/><line number="187" hits="864691128455135232"/><line number="188" hits="864691128455135232"/></lines></class><class name="server" filename="src\tts-service\src\server.rs" line-rate="0" branch-rate="0" complexity="0"><methods/><lines><line number="68" hits="0"/><line number="69" hits="0"/><line number="71" hits="0"/><line number="72" hits="0"/><line number="73" hits="0"/><line number="74" hits="0"/><line number="80" hits="0"/><line number="84" hits="0"/><line number="85" hits="0"/><line number="86" hits="0"/><line number="92" hits="0"/><line number="93" hits="0"/><line number="96" hits="0"/><line number="97" hits="0"/><line number="98" hits="0"/><line number="99" hits="0"/><line number="100" hits="0"/><line number="101" hits="0"/><line number="104" hits="0"/><line number="105" hits="0"/><line number="107" hits="0"/><line number="108" hits="0"/><line number="109" hits="0"/><line number="110" hits="0"/><line number="112" hits="0"/><line number="113" hits="0"/><line number="114" hits="0"/><line number="115" hits="0"/><line number="116" hits="0"/><line number="117" hits="0"/><line number="119" hits="0"/><line number="121" hits="0"/><line number="125" hits="0"/><line number="126" hits="0"/><line number="127" hits="0"/><line number="128" hits="0"/><line number="129" hits="0"/><line number="131" hits="0"/><line number="132" hits="0"/><line number="133" hits="0"/><line number="134" hits="0"/><line number="135" hits="0"/><line number="136" hits="0"/><line number="140" hits="0"/><line number="145" hits="0"/><line number="146" hits="0"/><line number="149" hits="0"/><line number="150" hits="0"/><line number="151" hits="0"/><line number="152" hits="0"/><line number="153" hits="0"/><line number="155" hits="0"/><line number="156" hits="0"/><line number="160" hits="0"/><line number="161" hits="0"/><line number="162" hits="0"/><line number="163" hits="0"/><line number="164" hits="0"/><line number="165" hits="0"/><line number="166" hits="0"/><line number="167" hits="0"/><line number="171" hits="0"/><line number="172" hits="0"/><line number="174" hits="0"/><line number="175" hits="0"/><line number="176" hits="0"/><line number="177" hits="0"/><line number="178" hits="0"/><line number="179" hits="0"/><line number="180" hits="0"/><line number="181" hits="0"/><line number="186" hits="0"/><line number="189" hits="0"/><line number="190" hits="0"/><line number="191" hits="0"/><line number="192" hits="0"/></lines></class><class name="sovits" filename="src\tts-service\src\sovits.rs" line-rate="0.8048780487804879" branch-rate="0" complexity="0"><methods/><lines><line number="39" hits="216172782113783808"/><line number="42" hits="648518346341351424"/><line number="43" hits="648518346341351424"/><line number="44" hits="432345564227567616"/><line number="55" hits="432345564227567616"/><line number="66" hits="288230376151711744"/><line number="69" hits="144115188075855872"/><line number="70" hits="0"/><line number="74" hits="144115188075855872"/><line number="75" hits="144115188075855872"/><line number="78" hits="144115188075855872"/><line number="79" hits="144115188075855872"/><line number="82" hits="0"/><line number="83" hits="0"/><line number="86" hits="288230376151711744"/><line number="87" hits="864691128455135232"/><line number="90" hits="72057594037927936"/><line number="91" hits="216172782113783808"/><line number="94" hits="0"/><line number="95" hits="0"/><line number="98" hits="0"/><line number="99" hits="0"/><line number="102" hits="72057594037927936"/><line number="108" hits="72057594037927936"/><line number="109" hits="0"/><line number="113" hits="144115188075855872"/><line number="114" hits="0"/><line number="115" hits="0"/><line number="121" hits="144115188075855872"/><line number="122" hits="0"/><line number="123" hits="0"/><line number="131" hits="432345564227567616"/><line number="133" hits="72057594037927936"/><line number="136" hits="72057594037927936"/><line number="145" hits="288230376151711744"/><line number="148" hits="288230376151711744"/><line number="151" hits="288230376151711744"/><line number="154" hits="288230376151711744"/><line number="157" hits="144115188075855872"/><line number="158" hits="72057594037927936"/><line number="159" hits="72057594037927936"/><line number="160" hits="72057594037927936"/><line number="165" hits="144115188075855872"/><line number="166" hits="72057594037927939"/><line number="167" hits="72057594037927939"/><line number="168" hits="72057594037927936"/><line number="171" hits="15204152342002794496"/><line number="172" hits="14987979559889010688"/><line number="175" hits="14987979559889010688"/><line number="178" hits="11529215046068469760"/><line number="181" hits="14987979559889010688"/><line number="182" hits="13258597302978740233"/><line number="184" hits="18446744073709551613"/><line number="189" hits="14987979559889010688"/><line number="191" hits="11529215046068469760"/><line number="194" hits="72057594037927936"/><line number="195" hits="72057594037927936"/><line number="196" hits="72057594037927936"/><line number="197" hits="72057594037927936"/><line number="201" hits="72057594037927936"/><line number="203" hits="72057594037927936"/><line number="204" hits="144115188075855872"/><line number="205" hits="288230376151711744"/><line number="206" hits="144115188075855872"/><line number="207" hits="144115188075855872"/><line number="208" hits="72057594037927936"/><line number="212" hits="72057594037927936"/><line number="213" hits="72057594037927936"/><line number="214" hits="144115188075855872"/><line number="215" hits="144115188075855872"/><line number="216" hits="72057594037927936"/><line number="217" hits="72057594037927936"/><line number="218" hits="144115188075855872"/><line number="219" hits="0"/><line number="223" hits="72057594037927936"/><line number="224" hits="72057594037927936"/><line number="225" hits="72057594037927936"/><line number="226" hits="72057594037927936"/><line number="227" hits="144115188075855872"/><line number="228" hits="0"/><line number="229" hits="0"/><line number="230" hits="0"/></lines></class><class name="streaming" filename="src\tts-service\src\streaming.rs" line-rate="0" branch-rate="0" complexity="0"><methods/><lines><line number="60" hits="0"/><line number="65" hits="0"/><line number="66" hits="0"/><line number="69" hits="0"/><line number="72" hits="0"/><line number="75" hits="0"/><line number="77" hits="0"/><line number="78" hits="0"/><line number="79" hits="0"/><line number="80" hits="0"/><line number="81" hits="0"/><line number="82" hits="0"/><line number="83" hits="0"/><line number="88" hits="0"/><line number="93" hits="0"/><line number="96" hits="0"/><line number="99" hits="0"/><line number="100" hits="0"/><line number="103" hits="0"/><line number="104" hits="0"/><line number="105" hits="0"/><line number="106" hits="0"/><line number="107" hits="0"/><line number="108" hits="0"/><line number="110" hits="0"/><line number="113" hits="0"/><line number="114" hits="0"/><line number="117" hits="0"/><line number="118" hits="0"/><line number="119" hits="0"/><line number="120" hits="0"/><line number="121" hits="0"/><line number="124" hits="0"/><line number="125" hits="0"/><line number="126" hits="0"/><line number="127" hits="0"/><line number="130" hits="0"/><line number="131" hits="0"/><line number="134" hits="0"/><line number="135" hits="0"/><line number="136" hits="0"/><line number="137" hits="0"/><line number="140" hits="0"/><line number="141" hits="0"/><line number="142" hits="0"/><line number="143" hits="0"/><line number="147" hits="0"/><line number="148" hits="0"/><line number="149" hits="0"/><line number="153" hits="0"/><line number="154" hits="0"/><line number="155" hits="0"/><line number="158" hits="0"/><line number="159" hits="0"/><line number="161" hits="0"/><line number="165" hits="0"/><line number="166" hits="0"/><line number="169" hits="0"/><line number="170" hits="0"/><line number="171" hits="0"/><line number="177" hits="0"/><line number="181" hits="0"/><line number="182" hits="0"/><line number="183" hits="0"/><line number="184" hits="0"/><line number="185" hits="0"/><line number="189" hits="0"/><line number="190" hits="0"/><line number="194" hits="0"/><line number="195" hits="0"/></lines></class><class name="streaming_server" filename="src\tts-service\src\streaming_server.rs" line-rate="0" branch-rate="0" complexity="0"><methods/><lines><line number="46" hits="0"/><line number="50" hits="0"/><line number="54" hits="0"/><line number="58" hits="0"/><line number="61" hits="0"/><line number="62" hits="0"/><line number="63" hits="0"/><line number="65" hits="0"/><line number="66" hits="0"/><line number="67" hits="0"/><line number="70" hits="0"/><line number="71" hits="0"/><line number="73" hits="0"/><line number="74" hits="0"/><line number="75" hits="0"/><line number="76" hits="0"/><line number="77" hits="0"/><line number="78" hits="0"/><line number="80" hits="0"/><line number="81" hits="0"/><line number="82" hits="0"/><line number="91" hits="0"/><line number="92" hits="0"/><line number="93" hits="0"/><line number="94" hits="0"/><line number="95" hits="0"/><line number="99" hits="0"/><line number="100" hits="0"/><line number="101" hits="0"/><line number="107" hits="0"/><line number="108" hits="0"/><line number="111" hits="0"/><line number="112" hits="0"/><line number="115" hits="0"/><line number="116" hits="0"/><line number="118" hits="0"/><line number="119" hits="0"/><line number="122" hits="0"/><line number="123" hits="0"/><line number="128" hits="0"/><line number="130" hits="0"/><line number="131" hits="0"/><line number="134" hits="0"/><line number="135" hits="0"/><line number="139" hits="0"/><line number="140" hits="0"/><line number="142" hits="0"/><line number="143" hits="0"/><line number="146" hits="0"/><line number="147" hits="0"/><line number="153" hits="0"/><line number="154" hits="0"/><line number="156" hits="0"/><line number="159" hits="0"/><line number="160" hits="0"/><line number="161" hits="0"/><line number="170" hits="0"/><line number="176" hits="0"/><line number="177" hits="0"/><line number="178" hits="0"/><line number="180" hits="0"/><line number="183" hits="0"/><line number="184" hits="0"/><line number="189" hits="0"/><line number="192" hits="0"/><line number="193" hits="0"/><line number="194" hits="0"/><line number="195" hits="0"/><line number="196" hits="0"/><line number="197" hits="0"/><line number="198" hits="0"/><line number="199" hits="0"/><line number="203" hits="0"/><line number="204" hits="0"/><line number="205" hits="0"/><line number="206" hits="0"/><line number="209" hits="0"/><line number="210" hits="0"/><line number="211" hits="0"/><line number="212" hits="0"/><line number="218" hits="0"/><line number="221" hits="0"/><line number="222" hits="0"/><line number="223" hits="0"/><line number="224" hits="0"/><line number="226" hits="0"/><line number="227" hits="0"/><line number="228" hits="0"/><line number="229" hits="0"/><line number="232" hits="0"/><line number="233" hits="0"/><line number="234" hits="0"/><line number="235" hits="0"/></lines></class><class name="voice_intent" filename="src\tts-service\src\voice_intent.rs" line-rate="0.6346153846153846" branch-rate="0" complexity="0"><methods/><lines><line number="25" hits="0"/><line number="26" hits="0"/><line number="27" hits="0"/><line number="28" hits="0"/><line number="29" hits="0"/><line number="30" hits="0"/><line number="31" hits="0"/><line number="32" hits="0"/><line number="33" hits="0"/><line number="34" hits="0"/><line number="35" hits="0"/><line number="60" hits="288230376151711744"/><line number="62" hits="864691128455135232"/><line number="63" hits="864691128455135232"/><line number="65" hits="1008806316530991104"/><line number="67" hits="72057594037927936"/><line number="68" hits="144115188075855872"/><line number="69" hits="216172782113783808"/><line number="70" hits="72057594037927936"/><line number="71" hits="216172782113783808"/><line number="72" hits="216172782113783808"/><line number="73" hits="216172782113783808"/><line number="74" hits="144115188075855872"/><line number="75" hits="72057594037927936"/><line number="76" hits="72057594037927936"/><line number="78" hits="72057594037927936"/><line number="82" hits="648518346341351424"/><line number="83" hits="864691128455135232"/><line number="84" hits="648518346341351424"/><line number="87" hits="1297036692682702848"/><line number="88" hits="432345564227567616"/><line number="91" hits="864691128455135232"/><line number="92" hits="216172782113783808"/><line number="93" hits="864691128455135232"/><line number="94" hits="216172782113783808"/><line number="95" hits="864691128455135232"/><line number="96" hits="216172782113783808"/><line number="97" hits="864691128455135232"/><line number="98" hits="864691128455135232"/><line number="99" hits="864691128455135232"/><line number="102" hits="1297036692682702848"/><line number="103" hits="1297036692682702848"/><line number="104" hits="864691128455135232"/><line number="106" hits="648518346341351424"/><line number="110" hits="504403158265495552"/><line number="111" hits="144115188075855872"/><line number="112" hits="144115188075855872"/><line number="113" hits="0"/><line number="114" hits="72057594037927936"/><line number="115" hits="72057594037927936"/><line number="116" hits="0"/><line number="117" hits="0"/><line number="119" hits="0"/><line number="121" hits="0"/><line number="125" hits="432345564227567616"/><line number="126" hits="0"/><line number="127" hits="0"/><line number="128" hits="144115188075855872"/><line number="129" hits="72057594037927936"/><line number="130" hits="0"/><line number="131" hits="0"/><line number="134" hits="216172782113783808"/><line number="135" hits="432345564227567616"/><line number="136" hits="648518346341351424"/><line number="137" hits="216172782113783808"/><line number="138" hits="432345564227567616"/><line number="139" hits="432345564227567616"/><line number="140" hits="432345564227567616"/><line number="141" hits="432345564227567616"/><line number="142" hits="216172782113783808"/><line number="143" hits="216172782113783808"/><line number="145" hits="216172782113783808"/><line number="149" hits="1297036692682702848"/><line number="156" hits="3891110078048108544"/><line number="157" hits="3386706919782612992"/><line number="158" hits="2377900603251621888"/><line number="160" hits="792633534417207296"/><line number="161" hits="1585267068834414592"/><line number="162" hits="792633534417207296"/><line number="164" hits="0"/><line number="167" hits="1585267068834414592"/><line number="168" hits="3963167672086036480"/><line number="169" hits="792633534417207296"/><line number="170" hits="792633534417207296"/><line number="173" hits="0"/><line number="174" hits="0"/><line number="175" hits="0"/><line number="176" hits="0"/><line number="182" hits="1513209474796486656"/><line number="183" hits="1008806316530991104"/><line number="184" hits="0"/><line number="186" hits="0"/><line number="187" hits="0"/><line number="188" hits="0"/><line number="190" hits="0"/><line number="193" hits="0"/><line number="194" hits="0"/><line number="195" hits="0"/><line number="196" hits="0"/><line number="199" hits="0"/><line number="200" hits="0"/><line number="201" hits="0"/><line number="202" hits="0"/><line number="207" hits="504403158265495552"/></lines></class><class name="voice_profiles" filename="src\tts-service\src\voice_profiles.rs" line-rate="0.18867924528301888" branch-rate="0" complexity="0"><methods/><lines><line number="42" hits="144115188075855872"/><line number="44" hits="576460752303423488"/><line number="45" hits="144115188075855872"/><line number="49" hits="144115188075855872"/><line number="50" hits="144115188075855872"/><line number="51" hits="288230376151711744"/><line number="52" hits="72057594037927936"/><line number="55" hits="216172782113783808"/><line number="56" hits="144115188075855872"/><line number="57" hits="216172782113783808"/><line number="60" hits="0"/><line number="61" hits="0"/><line number="62" hits="0"/><line number="65" hits="0"/><line number="68" hits="0"/><line number="69" hits="0"/><line number="72" hits="0"/><line number="73" hits="0"/><line number="74" hits="0"/><line number="80" hits="0"/><line number="86" hits="0"/><line number="89" hits="0"/><line number="91" hits="0"/><line number="94" hits="0"/><line number="95" hits="0"/><line number="97" hits="0"/><line number="98" hits="0"/><line number="99" hits="0"/><line number="102" hits="0"/><line number="105" hits="0"/><line number="106" hits="0"/><line number="107" hits="0"/><line number="108" hits="0"/><line number="109" hits="0"/><line number="110" hits="0"/><line number="111" hits="0"/><line number="112" hits="0"/><line number="115" hits="0"/><line number="116" hits="0"/><line number="120" hits="0"/><line number="121" hits="0"/><line number="123" hits="0"/><line number="124" hits="0"/><line number="125" hits="0"/><line number="126" hits="0"/><line number="134" hits="0"/><line number="140" hits="0"/><line number="147" hits="0"/><line number="148" hits="0"/><line number="152" hits="0"/><line number="155" hits="0"/><line number="156" hits="0"/><line number="157" hits="0"/></lines></class><class name="xtts" filename="src\tts-service\src\xtts.rs" line-rate="0.489247311827957" branch-rate="0" complexity="0"><methods/><lines><line number="43" hits="0"/><line number="44" hits="0"/><line number="49" hits="288230376151711744"/><line number="50" hits="576460752303423488"/><line number="54" hits="360287970189639680"/><line number="59" hits="720575940379279360"/><line number="62" hits="720575940379279360"/><line number="63" hits="720575940379279360"/><line number="64" hits="360287970189639680"/><line number="65" hits="1080863910568919040"/><line number="66" hits="360287970189639680"/><line number="67" hits="360287970189639680"/><line number="68" hits="360287970189639680"/><line number="69" hits="360287970189639680"/><line number="73" hits="720575940379279360"/><line number="74" hits="720575940379279360"/><line number="75" hits="360287970189639680"/><line number="76" hits="1080863910568919040"/><line number="77" hits="360287970189639680"/><line number="78" hits="360287970189639680"/><line number="79" hits="360287970189639680"/><line number="80" hits="360287970189639680"/><line number="84" hits="720575940379279360"/><line number="85" hits="720575940379279360"/><line number="86" hits="360287970189639680"/><line number="87" hits="1080863910568919040"/><line number="88" hits="360287970189639680"/><line number="89" hits="360287970189639680"/><line number="90" hits="360287970189639680"/><line number="91" hits="360287970189639680"/><line number="95" hits="720575940379279360"/><line number="96" hits="720575940379279360"/><line number="97" hits="360287970189639680"/><line number="98" hits="1080863910568919040"/><line number="99" hits="360287970189639680"/><line number="100" hits="360287970189639680"/><line number="101" hits="360287970189639680"/><line number="102" hits="360287970189639680"/><line number="109" hits="1441151880758558720"/><line number="117" hits="0"/><line number="118" hits="0"/><line number="119" hits="0"/><line number="120" hits="0"/><line number="124" hits="0"/><line number="125" hits="0"/><line number="128" hits="648518346341351424"/><line number="131" hits="288230376151711744"/><line number="132" hits="288230376151711744"/><line number="135" hits="216172782113783808"/><line number="136" hits="216172782113783808"/><line number="139" hits="0"/><line number="140" hits="0"/><line number="143" hits="0"/><line number="144" hits="0"/><line number="147" hits="648518346341351424"/><line number="148" hits="288230376151711744"/><line number="149" hits="0"/><line number="153" hits="576460752303423488"/><line number="158" hits="576460752303423488"/><line number="159" hits="648518346341351424"/><line number="160" hits="72057594037927936"/><line number="165" hits="360287970189639680"/><line number="166" hits="216172782113783808"/><line number="167" hits="432345564227567616"/><line number="168" hits="432345564227567616"/><line number="171" hits="288230376151711744"/><line number="174" hits="0"/><line number="175" hits="0"/><line number="176" hits="0"/><line number="179" hits="864691128455135232"/><line number="184" hits="288230376151711744"/><line number="185" hits="576460752303423488"/><line number="188" hits="144115188075855872"/><line number="191" hits="144115188075855872"/><line number="201" hits="288230376151711744"/><line number="202" hits="288230376151711744"/><line number="205" hits="288230376151711744"/><line number="206" hits="288230376151711744"/><line number="207" hits="288230376151711744"/><line number="209" hits="432345564227567616"/><line number="212" hits="288230376151711744"/><line number="214" hits="1297036692682702848"/><line number="215" hits="2305843009213693952"/><line number="218" hits="3458764513820540928"/><line number="219" hits="3458764513820540928"/><line number="222" hits="2305843009213693952"/><line number="223" hits="16140901064495857903"/><line number="224" hits="3458764513820540689"/><line number="225" hits="15996785876420001792"/><line number="227" hits="5908722711110090513"/><line number="231" hits="2305843009213693952"/><line number="232" hits="2"/><line number="233" hits="2"/><line number="235" hits="1152921504606846975"/><line number="238" hits="3458764513820540928"/><line number="241" hits="144115188075855872"/><line number="242" hits="288230376151711744"/><line number="243" hits="144115188075855872"/><line number="244" hits="144115188075855872"/><line number="248" hits="0"/><line number="256" hits="0"/><line number="257" hits="0"/><line number="258" hits="0"/><line number="259" hits="0"/><line number="263" hits="0"/><line number="264" hits="0"/><line number="267" hits="0"/><line number="268" hits="0"/><line number="269" hits="0"/><line number="270" hits="0"/><line number="272" hits="0"/><line number="273" hits="0"/><line number="274" hits="0"/><line number="275" hits="0"/><line number="276" hits="0"/><line number="278" hits="0"/><line number="285" hits="0"/><line number="286" hits="0"/><line number="287" hits="0"/><line number="291" hits="72057594037927937"/><line number="294" hits="72057594037927937"/><line number="295" hits="144115188075855873"/><line number="296" hits="1"/><line number="297" hits="1"/><line number="298" hits="1"/><line number="299" hits="1"/><line number="304" hits="72057594037927936"/><line number="310" hits="0"/><line number="311" hits="0"/><line number="316" hits="0"/><line number="317" hits="0"/><line number="318" hits="0"/><line number="319" hits="0"/><line number="322" hits="0"/><line number="323" hits="0"/><line number="324" hits="0"/><line number="325" hits="0"/><line number="326" hits="0"/><line number="327" hits="0"/><line number="330" hits="0"/><line number="331" hits="0"/><line number="334" hits="0"/><line number="468" hits="0"/><line number="471" hits="0"/><line number="472" hits="0"/><line number="475" hits="0"/><line number="476" hits="0"/><line number="478" hits="0"/><line number="479" hits="0"/><line number="482" hits="0"/><line number="483" hits="0"/><line number="486" hits="0"/><line number="487" hits="0"/><line number="488" hits="0"/><line number="491" hits="0"/><line number="492" hits="0"/><line number="493" hits="0"/><line number="494" hits="0"/><line number="499" hits="0"/><line number="500" hits="0"/><line number="501" hits="0"/><line number="502" hits="0"/><line number="508" hits="0"/><line number="509" hits="0"/><line number="512" hits="0"/><line number="515" hits="0"/><line number="517" hits="0"/><line number="518" hits="0"/><line number="520" hits="0"/><line number="522" hits="0"/><line number="523" hits="0"/><line number="524" hits="0"/><line number="528" hits="0"/><line number="529" hits="0"/><line number="532" hits="0"/><line number="534" hits="0"/><line number="536" hits="0"/><line number="539" hits="0"/><line number="541" hits="0"/><line number="543" hits="0"/><line number="544" hits="0"/><line number="545" hits="0"/><line number="549" hits="0"/><line number="550" hits="0"/><line number="551" hits="0"/><line number="552" hits="0"/></lines></class></classes></package><package name="src\rules5e-service\tests\unit" line-rate="0" branch-rate="0" complexity="0"><classes></classes></package><package name="src\asr-service\src" line-rate="0" branch-rate="0" complexity="0"><classes></classes></package><package name="src\game-engine\src" line-rate="0" branch-rate="0" complexity="0"><classes></classes></package><package name="src\rules5e-service\tests\performance" line-rate="0" branch-rate="0" complexity="0"><classes></classes></package><package name="src\rules5e-service\tests\integration" line-rate="0" branch-rate="0" complexity="0"><classes></classes></package><package name="src\tts-service\tests" line-rate="0" branch-rate="0" complexity="0"><classes></classes></package><package name="src\tts-service\tests\integration" line-rate="0" branch-rate="0" complexity="0"><classes></classes></package><package name="src\tts-service\src\bin" line-rate="0" branch-rate="0" complexity="0"><classes></classes></package><package name="src\llm-core\src" line-rate="0" branch-rate="0" complexity="0"><classes></classes></package><package name="src\orchestrator\tests" line-rate="0" branch-rate="0" complexity="0"><classes></classes></package><package name="src\orchestrator\src\intent" line-rate="0" branch-rate="0" complexity="0"><classes></classes></package><package name="src\orchestrator\src\pipeline" line-rate="0" branch-rate="0" complexity="0"><classes></classes></package></packages></coverage>